2016-03-22 07:26:04,728 [main] INFO  c.g.t.t.d.PublishedGradleVersions - Gradle version information cache file is not available. Remote download required.
2016-03-22 11:30:51,546 [main] INFO  c.g.t.t.d.PublishedGradleVersions - Gradle version information cache file is not out-of-date. No remote download required.
2016-03-24 10:44:51,063 [Start Help Server] INFO  org.eclipse.jetty.util.log - Logging initialized @57141970ms
2016-03-24 10:44:51,197 [Start Help Server] INFO  org.eclipse.jetty.server.Server - jetty-9.2.13.v20150730
2016-03-24 10:44:51,250 [Start Help Server] INFO  o.e.j.server.handler.ContextHandler - Started o.e.j.s.ServletContextHandler@5a39857f{/help,null,AVAILABLE}
2016-03-24 10:44:51,261 [Start Help Server] INFO  o.e.jetty.server.ServerConnector - Started ServerConnector@24249d12{HTTP/1.1}{127.0.0.1:51152}
2016-03-24 10:44:51,262 [Start Help Server] INFO  org.eclipse.jetty.server.Server - Started @57142171ms
2016-03-29 11:17:56,023 [Worker-483] ERROR o.e.m.c.i.p.ProjectConfigurationManager - Unable to create project from archetype [org.apache.maven.archetypes:maven-archetype-quickstart:1.1]
org.apache.maven.archetype.old.ArchetypeTemplateProcessingException: Directory Appium already exists - please run from a clean directory
	at org.apache.maven.archetype.old.DefaultOldArchetype.createArchetype(DefaultOldArchetype.java:245) ~[archetype-common-2.3.jar:2.3]
	at org.apache.maven.archetype.generator.DefaultArchetypeGenerator.processOldArchetype(DefaultArchetypeGenerator.java:135) ~[archetype-common-2.3.jar:2.3]
	at org.apache.maven.archetype.generator.DefaultArchetypeGenerator.generateArchetype(DefaultArchetypeGenerator.java:104) ~[archetype-common-2.3.jar:2.3]
	at org.apache.maven.archetype.generator.DefaultArchetypeGenerator.generateArchetype(DefaultArchetypeGenerator.java:143) ~[archetype-common-2.3.jar:2.3]
	at org.apache.maven.archetype.generator.DefaultArchetypeGenerator.generateArchetype(DefaultArchetypeGenerator.java:169) ~[archetype-common-2.3.jar:2.3]
	at org.apache.maven.archetype.DefaultArchetypeManager.generateProjectFromArchetype(DefaultArchetypeManager.java:73) ~[archetype-common-2.3.jar:2.3]
	at org.eclipse.m2e.core.internal.project.ProjectConfigurationManager.createArchetypeProjects0(ProjectConfigurationManager.java:811) [org.eclipse.m2e.core_1.6.2.20150902-0002.jar:na]
	at org.eclipse.m2e.core.internal.project.ProjectConfigurationManager$5.call(ProjectConfigurationManager.java:760) [org.eclipse.m2e.core_1.6.2.20150902-0002.jar:na]
	at org.eclipse.m2e.core.internal.project.ProjectConfigurationManager$5.call(ProjectConfigurationManager.java:1) [org.eclipse.m2e.core_1.6.2.20150902-0002.jar:na]
	at org.eclipse.m2e.core.internal.embedder.MavenExecutionContext.executeBare(MavenExecutionContext.java:176) [org.eclipse.m2e.core_1.6.2.20150902-0002.jar:na]
	at org.eclipse.m2e.core.internal.embedder.MavenExecutionContext.execute(MavenExecutionContext.java:151) [org.eclipse.m2e.core_1.6.2.20150902-0002.jar:na]
	at org.eclipse.m2e.core.internal.embedder.MavenExecutionContext.execute(MavenExecutionContext.java:99) [org.eclipse.m2e.core_1.6.2.20150902-0002.jar:na]
	at org.eclipse.m2e.core.internal.embedder.MavenImpl.execute(MavenImpl.java:1355) [org.eclipse.m2e.core_1.6.2.20150902-0002.jar:na]
	at org.eclipse.m2e.core.internal.project.ProjectConfigurationManager.createArchetypeProjects(ProjectConfigurationManager.java:758) [org.eclipse.m2e.core_1.6.2.20150902-0002.jar:na]
	at org.eclipse.m2e.core.ui.internal.wizards.MavenProjectWizard$5.doCreateMavenProjects(MavenProjectWizard.java:243) [org.eclipse.m2e.core.ui_1.6.2.20150902-0002.jar:na]
	at org.eclipse.m2e.core.ui.internal.wizards.AbstractCreateMavenProjectJob$1.doCreateMavenProjects(AbstractCreateMavenProjectJob.java:50) [org.eclipse.m2e.core.ui_1.6.2.20150902-0002.jar:na]
	at org.eclipse.m2e.core.ui.internal.wizards.AbstractCreateMavenProjectsOperation.run(AbstractCreateMavenProjectsOperation.java:62) [org.eclipse.m2e.core.ui_1.6.2.20150902-0002.jar:na]
	at org.eclipse.m2e.core.ui.internal.wizards.AbstractCreateMavenProjectJob.runInWorkspace(AbstractCreateMavenProjectJob.java:54) [org.eclipse.m2e.core.ui_1.6.2.20150902-0002.jar:na]
	at org.eclipse.core.internal.resources.InternalWorkspaceJob.run(InternalWorkspaceJob.java:39) [org.eclipse.core.resources_3.10.1.v20150725-1910.jar:na]
	at org.eclipse.core.internal.jobs.Worker.run(Worker.java:55) [org.eclipse.core.jobs_3.7.0.v20150330-2103.jar:na]
2016-03-29 11:19:14,116 [Worker-481] INFO  o.e.m.c.i.p.ProjectConfigurationManager - Collecting project info '/pom.xml' /Users/thyag/work/Appium/pom.xml
2016-03-29 11:19:15,342 [Worker-481] INFO  o.e.m.c.i.l.LifecycleMappingFactory - Using org.eclipse.m2e.jdt.JarLifecycleMapping lifecycle mapping for MavenProject: Appium:Appium:0.0.1-SNAPSHOT @ /Users/thyag/work/Appium/pom.xml.
2016-03-29 11:19:15,624 [Worker-481] INFO  o.e.m.j.i.AbstractJavaProjectConfigurator - Adding source folder /Appium/src/main/java
2016-03-29 11:19:15,639 [Worker-481] INFO  o.e.m.j.i.AbstractJavaProjectConfigurator - Adding source folder /Appium/src/test/java
2016-03-29 11:19:15,709 [Worker-481] INFO  o.e.m.c.i.p.ProjectConfigurationManager - Imported and configured 1 project(s) in 1 sec
2016-03-29 11:19:15,967 [Worker-464] INFO  o.e.m.c.i.embedder.EclipseLogger - Using 'UTF-8' encoding to copy filtered resources.
2016-03-29 11:19:15,967 [Worker-464] INFO  o.e.m.c.i.embedder.EclipseLogger - skip non existing resourceDirectory /Users/thyag/work/Appium/src/main/resources
2016-03-29 11:19:15,969 [Worker-464] INFO  o.e.m.c.i.embedder.EclipseLogger - Using 'UTF-8' encoding to copy filtered resources.
2016-03-29 11:19:15,969 [Worker-464] INFO  o.e.m.c.i.embedder.EclipseLogger - skip non existing resourceDirectory /Users/thyag/work/Appium/src/test/resources
2016-03-29 19:59:49,090 [Worker-508] INFO  o.e.m.c.i.l.LifecycleMappingFactory - Using org.eclipse.m2e.jdt.JarLifecycleMapping lifecycle mapping for MavenProject: Appium:Appium:0.0.1-SNAPSHOT @ /Users/thyag/work/Appium/pom.xml.
2016-03-29 19:59:53,577 [Worker-508] INFO  o.e.m.c.i.e.AbstractTransferListenerAdapter - Downloading https://repo.maven.apache.org/maven2/io/appium/java-client/3.4.0/java-client-3.4.0.pom
2016-03-29 19:59:53,611 [Worker-508] INFO  o.e.m.c.i.e.AbstractTransferListenerAdapter - Downloaded https://repo.maven.apache.org/maven2/io/appium/java-client/3.4.0/java-client-3.4.0.pom
2016-03-29 19:59:53,645 [Worker-508] INFO  o.e.m.c.i.e.AbstractTransferListenerAdapter - Downloading https://repo.maven.apache.org/maven2/com/google/code/gson/gson/2.2.4/gson-2.2.4.pom
2016-03-29 19:59:53,671 [Worker-508] INFO  o.e.m.c.i.e.AbstractTransferListenerAdapter - Downloaded https://repo.maven.apache.org/maven2/com/google/code/gson/gson/2.2.4/gson-2.2.4.pom
2016-03-29 19:59:53,708 [Worker-508] INFO  o.e.m.c.i.e.AbstractTransferListenerAdapter - Downloading https://repo.maven.apache.org/maven2/org/sonatype/oss/oss-parent/7/oss-parent-7.pom
2016-03-29 19:59:53,738 [Worker-508] INFO  o.e.m.c.i.e.AbstractTransferListenerAdapter - Downloaded https://repo.maven.apache.org/maven2/org/sonatype/oss/oss-parent/7/oss-parent-7.pom
2016-03-29 19:59:53,770 [Worker-508] INFO  o.e.m.c.i.e.AbstractTransferListenerAdapter - Downloading https://repo.maven.apache.org/maven2/org/seleniumhq/selenium/selenium-java/2.52.0/selenium-java-2.52.0.pom
2016-03-29 19:59:53,798 [Worker-508] INFO  o.e.m.c.i.e.AbstractTransferListenerAdapter - Downloaded https://repo.maven.apache.org/maven2/org/seleniumhq/selenium/selenium-java/2.52.0/selenium-java-2.52.0.pom
2016-03-29 19:59:53,840 [Worker-508] INFO  o.e.m.c.i.e.AbstractTransferListenerAdapter - Downloading https://repo.maven.apache.org/maven2/org/seleniumhq/selenium/selenium-parent/2.52.0/selenium-parent-2.52.0.pom
2016-03-29 19:59:53,880 [Worker-508] INFO  o.e.m.c.i.e.AbstractTransferListenerAdapter - Downloaded https://repo.maven.apache.org/maven2/org/seleniumhq/selenium/selenium-parent/2.52.0/selenium-parent-2.52.0.pom
2016-03-29 19:59:53,911 [Worker-508] INFO  o.e.m.c.i.e.AbstractTransferListenerAdapter - Downloading https://repo.maven.apache.org/maven2/org/seleniumhq/selenium/selenium-chrome-driver/2.52.0/selenium-chrome-driver-2.52.0.pom
2016-03-29 19:59:53,947 [Worker-508] INFO  o.e.m.c.i.e.AbstractTransferListenerAdapter - Downloaded https://repo.maven.apache.org/maven2/org/seleniumhq/selenium/selenium-chrome-driver/2.52.0/selenium-chrome-driver-2.52.0.pom
2016-03-29 19:59:53,981 [Worker-508] INFO  o.e.m.c.i.e.AbstractTransferListenerAdapter - Downloading https://repo.maven.apache.org/maven2/org/seleniumhq/selenium/selenium-remote-driver/2.52.0/selenium-remote-driver-2.52.0.pom
2016-03-29 19:59:54,019 [Worker-508] INFO  o.e.m.c.i.e.AbstractTransferListenerAdapter - Downloaded https://repo.maven.apache.org/maven2/org/seleniumhq/selenium/selenium-remote-driver/2.52.0/selenium-remote-driver-2.52.0.pom
2016-03-29 19:59:54,045 [Worker-508] INFO  o.e.m.c.i.e.AbstractTransferListenerAdapter - Downloading https://repo.maven.apache.org/maven2/cglib/cglib-nodep/2.1_3/cglib-nodep-2.1_3.pom
2016-03-29 19:59:54,199 [Worker-508] INFO  o.e.m.c.i.e.AbstractTransferListenerAdapter - Downloaded https://repo.maven.apache.org/maven2/cglib/cglib-nodep/2.1_3/cglib-nodep-2.1_3.pom
2016-03-29 19:59:54,229 [Worker-508] INFO  o.e.m.c.i.e.AbstractTransferListenerAdapter - Downloading https://repo.maven.apache.org/maven2/com/google/code/gson/gson/2.3.1/gson-2.3.1.pom
2016-03-29 19:59:54,262 [Worker-508] INFO  o.e.m.c.i.e.AbstractTransferListenerAdapter - Downloaded https://repo.maven.apache.org/maven2/com/google/code/gson/gson/2.3.1/gson-2.3.1.pom
2016-03-29 19:59:54,292 [Worker-508] INFO  o.e.m.c.i.e.AbstractTransferListenerAdapter - Downloading https://repo.maven.apache.org/maven2/org/sonatype/oss/oss-parent/9/oss-parent-9.pom
2016-03-29 19:59:54,323 [Worker-508] INFO  o.e.m.c.i.e.AbstractTransferListenerAdapter - Downloaded https://repo.maven.apache.org/maven2/org/sonatype/oss/oss-parent/9/oss-parent-9.pom
2016-03-29 19:59:54,355 [Worker-508] INFO  o.e.m.c.i.e.AbstractTransferListenerAdapter - Downloading https://repo.maven.apache.org/maven2/org/seleniumhq/selenium/selenium-api/2.52.0/selenium-api-2.52.0.pom
2016-03-29 19:59:54,396 [Worker-508] INFO  o.e.m.c.i.e.AbstractTransferListenerAdapter - Downloaded https://repo.maven.apache.org/maven2/org/seleniumhq/selenium/selenium-api/2.52.0/selenium-api-2.52.0.pom
2016-03-29 19:59:54,447 [Worker-508] INFO  o.e.m.c.i.e.AbstractTransferListenerAdapter - Downloading https://repo.maven.apache.org/maven2/com/google/guava/guava/19.0/guava-19.0.pom
2016-03-29 19:59:54,482 [Worker-508] INFO  o.e.m.c.i.e.AbstractTransferListenerAdapter - Downloaded https://repo.maven.apache.org/maven2/com/google/guava/guava/19.0/guava-19.0.pom
2016-03-29 19:59:54,512 [Worker-508] INFO  o.e.m.c.i.e.AbstractTransferListenerAdapter - Downloading https://repo.maven.apache.org/maven2/com/google/guava/guava-parent/19.0/guava-parent-19.0.pom
2016-03-29 19:59:54,546 [Worker-508] INFO  o.e.m.c.i.e.AbstractTransferListenerAdapter - Downloaded https://repo.maven.apache.org/maven2/com/google/guava/guava-parent/19.0/guava-parent-19.0.pom
2016-03-29 19:59:54,576 [Worker-508] INFO  o.e.m.c.i.e.AbstractTransferListenerAdapter - Downloading https://repo.maven.apache.org/maven2/org/apache/httpcomponents/httpclient/4.5.1/httpclient-4.5.1.pom
2016-03-29 19:59:54,608 [Worker-508] INFO  o.e.m.c.i.e.AbstractTransferListenerAdapter - Downloaded https://repo.maven.apache.org/maven2/org/apache/httpcomponents/httpclient/4.5.1/httpclient-4.5.1.pom
2016-03-29 19:59:54,644 [Worker-508] INFO  o.e.m.c.i.e.AbstractTransferListenerAdapter - Downloading https://repo.maven.apache.org/maven2/org/apache/httpcomponents/httpcomponents-client/4.5.1/httpcomponents-client-4.5.1.pom
2016-03-29 19:59:54,678 [Worker-508] INFO  o.e.m.c.i.e.AbstractTransferListenerAdapter - Downloaded https://repo.maven.apache.org/maven2/org/apache/httpcomponents/httpcomponents-client/4.5.1/httpcomponents-client-4.5.1.pom
2016-03-29 19:59:54,710 [Worker-508] INFO  o.e.m.c.i.e.AbstractTransferListenerAdapter - Downloading https://repo.maven.apache.org/maven2/org/apache/httpcomponents/project/7/project-7.pom
2016-03-29 19:59:54,760 [Worker-508] INFO  o.e.m.c.i.e.AbstractTransferListenerAdapter - Downloaded https://repo.maven.apache.org/maven2/org/apache/httpcomponents/project/7/project-7.pom
2016-03-29 19:59:54,788 [Worker-508] INFO  o.e.m.c.i.e.AbstractTransferListenerAdapter - Downloading https://repo.maven.apache.org/maven2/org/apache/httpcomponents/httpcore/4.4.3/httpcore-4.4.3.pom
2016-03-29 19:59:54,830 [Worker-508] INFO  o.e.m.c.i.e.AbstractTransferListenerAdapter - Downloaded https://repo.maven.apache.org/maven2/org/apache/httpcomponents/httpcore/4.4.3/httpcore-4.4.3.pom
2016-03-29 19:59:54,859 [Worker-508] INFO  o.e.m.c.i.e.AbstractTransferListenerAdapter - Downloading https://repo.maven.apache.org/maven2/org/apache/httpcomponents/httpcomponents-core/4.4.3/httpcomponents-core-4.4.3.pom
2016-03-29 19:59:54,895 [Worker-508] INFO  o.e.m.c.i.e.AbstractTransferListenerAdapter - Downloaded https://repo.maven.apache.org/maven2/org/apache/httpcomponents/httpcomponents-core/4.4.3/httpcomponents-core-4.4.3.pom
2016-03-29 19:59:54,930 [Worker-508] INFO  o.e.m.c.i.e.AbstractTransferListenerAdapter - Downloading https://repo.maven.apache.org/maven2/commons-logging/commons-logging/1.2/commons-logging-1.2.pom
2016-03-29 19:59:54,961 [Worker-508] INFO  o.e.m.c.i.e.AbstractTransferListenerAdapter - Downloaded https://repo.maven.apache.org/maven2/commons-logging/commons-logging/1.2/commons-logging-1.2.pom
2016-03-29 19:59:55,002 [Worker-508] INFO  o.e.m.c.i.e.AbstractTransferListenerAdapter - Downloading https://repo.maven.apache.org/maven2/org/apache/commons/commons-parent/34/commons-parent-34.pom
2016-03-29 19:59:55,056 [Worker-508] INFO  o.e.m.c.i.e.AbstractTransferListenerAdapter - Downloaded https://repo.maven.apache.org/maven2/org/apache/commons/commons-parent/34/commons-parent-34.pom
2016-03-29 19:59:55,098 [Worker-508] INFO  o.e.m.c.i.e.AbstractTransferListenerAdapter - Downloading https://repo.maven.apache.org/maven2/commons-codec/commons-codec/1.9/commons-codec-1.9.pom
2016-03-29 19:59:55,130 [Worker-508] INFO  o.e.m.c.i.e.AbstractTransferListenerAdapter - Downloaded https://repo.maven.apache.org/maven2/commons-codec/commons-codec/1.9/commons-codec-1.9.pom
2016-03-29 19:59:55,159 [Worker-508] INFO  o.e.m.c.i.e.AbstractTransferListenerAdapter - Downloading https://repo.maven.apache.org/maven2/org/apache/commons/commons-parent/32/commons-parent-32.pom
2016-03-29 19:59:55,214 [Worker-508] INFO  o.e.m.c.i.e.AbstractTransferListenerAdapter - Downloaded https://repo.maven.apache.org/maven2/org/apache/commons/commons-parent/32/commons-parent-32.pom
2016-03-29 19:59:55,258 [Worker-508] INFO  o.e.m.c.i.e.AbstractTransferListenerAdapter - Downloading https://repo.maven.apache.org/maven2/org/apache/commons/commons-exec/1.3/commons-exec-1.3.pom
2016-03-29 19:59:55,310 [Worker-508] INFO  o.e.m.c.i.e.AbstractTransferListenerAdapter - Downloaded https://repo.maven.apache.org/maven2/org/apache/commons/commons-exec/1.3/commons-exec-1.3.pom
2016-03-29 19:59:55,355 [Worker-508] INFO  o.e.m.c.i.e.AbstractTransferListenerAdapter - Downloading https://repo.maven.apache.org/maven2/org/apache/commons/commons-parent/35/commons-parent-35.pom
2016-03-29 19:59:55,395 [Worker-508] INFO  o.e.m.c.i.e.AbstractTransferListenerAdapter - Downloaded https://repo.maven.apache.org/maven2/org/apache/commons/commons-parent/35/commons-parent-35.pom
2016-03-29 19:59:55,426 [Worker-508] INFO  o.e.m.c.i.e.AbstractTransferListenerAdapter - Downloading https://repo.maven.apache.org/maven2/org/apache/apache/15/apache-15.pom
2016-03-29 19:59:55,536 [Worker-508] INFO  o.e.m.c.i.e.AbstractTransferListenerAdapter - Downloaded https://repo.maven.apache.org/maven2/org/apache/apache/15/apache-15.pom
2016-03-29 19:59:55,638 [Worker-508] INFO  o.e.m.c.i.e.AbstractTransferListenerAdapter - Downloading https://repo.maven.apache.org/maven2/net/java/dev/jna/jna/4.1.0/jna-4.1.0.pom
2016-03-29 19:59:55,670 [Worker-508] INFO  o.e.m.c.i.e.AbstractTransferListenerAdapter - Downloaded https://repo.maven.apache.org/maven2/net/java/dev/jna/jna/4.1.0/jna-4.1.0.pom
2016-03-29 19:59:55,748 [Worker-508] INFO  o.e.m.c.i.e.AbstractTransferListenerAdapter - Downloading https://repo.maven.apache.org/maven2/net/java/dev/jna/jna-platform/4.1.0/jna-platform-4.1.0.pom
2016-03-29 19:59:55,779 [Worker-508] INFO  o.e.m.c.i.e.AbstractTransferListenerAdapter - Downloaded https://repo.maven.apache.org/maven2/net/java/dev/jna/jna-platform/4.1.0/jna-platform-4.1.0.pom
2016-03-29 19:59:55,821 [Worker-508] INFO  o.e.m.c.i.e.AbstractTransferListenerAdapter - Downloading https://repo.maven.apache.org/maven2/org/seleniumhq/selenium/selenium-edge-driver/2.52.0/selenium-edge-driver-2.52.0.pom
2016-03-29 19:59:55,851 [Worker-508] INFO  o.e.m.c.i.e.AbstractTransferListenerAdapter - Downloaded https://repo.maven.apache.org/maven2/org/seleniumhq/selenium/selenium-edge-driver/2.52.0/selenium-edge-driver-2.52.0.pom
2016-03-29 19:59:55,879 [Worker-508] INFO  o.e.m.c.i.e.AbstractTransferListenerAdapter - Downloading https://repo.maven.apache.org/maven2/commons-io/commons-io/2.4/commons-io-2.4.pom
2016-03-29 19:59:55,907 [Worker-508] INFO  o.e.m.c.i.e.AbstractTransferListenerAdapter - Downloaded https://repo.maven.apache.org/maven2/commons-io/commons-io/2.4/commons-io-2.4.pom
2016-03-29 19:59:55,947 [Worker-508] INFO  o.e.m.c.i.e.AbstractTransferListenerAdapter - Downloading https://repo.maven.apache.org/maven2/org/apache/commons/commons-parent/25/commons-parent-25.pom
2016-03-29 19:59:55,985 [Worker-508] INFO  o.e.m.c.i.e.AbstractTransferListenerAdapter - Downloaded https://repo.maven.apache.org/maven2/org/apache/commons/commons-parent/25/commons-parent-25.pom
2016-03-29 19:59:56,029 [Worker-508] INFO  o.e.m.c.i.e.AbstractTransferListenerAdapter - Downloading https://repo.maven.apache.org/maven2/org/apache/apache/9/apache-9.pom
2016-03-29 19:59:56,172 [Worker-508] INFO  o.e.m.c.i.e.AbstractTransferListenerAdapter - Downloaded https://repo.maven.apache.org/maven2/org/apache/apache/9/apache-9.pom
2016-03-29 19:59:56,201 [Worker-508] INFO  o.e.m.c.i.e.AbstractTransferListenerAdapter - Downloading https://repo.maven.apache.org/maven2/org/seleniumhq/selenium/selenium-htmlunit-driver/2.52.0/selenium-htmlunit-driver-2.52.0.pom
2016-03-29 19:59:56,258 [Worker-508] INFO  o.e.m.c.i.e.AbstractTransferListenerAdapter - Downloaded https://repo.maven.apache.org/maven2/org/seleniumhq/selenium/selenium-htmlunit-driver/2.52.0/selenium-htmlunit-driver-2.52.0.pom
2016-03-29 19:59:56,283 [Worker-508] INFO  o.e.m.c.i.e.AbstractTransferListenerAdapter - Downloading https://repo.maven.apache.org/maven2/org/seleniumhq/selenium/selenium-support/2.52.0/selenium-support-2.52.0.pom
2016-03-29 19:59:56,316 [Worker-508] INFO  o.e.m.c.i.e.AbstractTransferListenerAdapter - Downloaded https://repo.maven.apache.org/maven2/org/seleniumhq/selenium/selenium-support/2.52.0/selenium-support-2.52.0.pom
2016-03-29 19:59:56,348 [Worker-508] INFO  o.e.m.c.i.e.AbstractTransferListenerAdapter - Downloading https://repo.maven.apache.org/maven2/net/sourceforge/htmlunit/htmlunit/2.18/htmlunit-2.18.pom
2016-03-29 19:59:56,394 [Worker-508] INFO  o.e.m.c.i.e.AbstractTransferListenerAdapter - Downloaded https://repo.maven.apache.org/maven2/net/sourceforge/htmlunit/htmlunit/2.18/htmlunit-2.18.pom
2016-03-29 19:59:56,430 [Worker-508] INFO  o.e.m.c.i.e.AbstractTransferListenerAdapter - Downloading https://repo.maven.apache.org/maven2/xalan/xalan/2.7.2/xalan-2.7.2.pom
2016-03-29 19:59:56,619 [Worker-508] INFO  o.e.m.c.i.e.AbstractTransferListenerAdapter - Downloaded https://repo.maven.apache.org/maven2/xalan/xalan/2.7.2/xalan-2.7.2.pom
2016-03-29 19:59:56,648 [Worker-508] INFO  o.e.m.c.i.e.AbstractTransferListenerAdapter - Downloading https://repo.maven.apache.org/maven2/xalan/serializer/2.7.2/serializer-2.7.2.pom
2016-03-29 19:59:56,680 [Worker-508] INFO  o.e.m.c.i.e.AbstractTransferListenerAdapter - Downloaded https://repo.maven.apache.org/maven2/xalan/serializer/2.7.2/serializer-2.7.2.pom
2016-03-29 19:59:56,703 [Worker-508] INFO  o.e.m.c.i.e.AbstractTransferListenerAdapter - Downloading https://repo.maven.apache.org/maven2/xml-apis/xml-apis/1.3.04/xml-apis-1.3.04.pom
2016-03-29 19:59:56,731 [Worker-508] INFO  o.e.m.c.i.e.AbstractTransferListenerAdapter - Downloaded https://repo.maven.apache.org/maven2/xml-apis/xml-apis/1.3.04/xml-apis-1.3.04.pom
2016-03-29 19:59:56,760 [Worker-508] INFO  o.e.m.c.i.e.AbstractTransferListenerAdapter - Downloading https://repo.maven.apache.org/maven2/org/apache/commons/commons-lang3/3.4/commons-lang3-3.4.pom
2016-03-29 19:59:56,791 [Worker-508] INFO  o.e.m.c.i.e.AbstractTransferListenerAdapter - Downloaded https://repo.maven.apache.org/maven2/org/apache/commons/commons-lang3/3.4/commons-lang3-3.4.pom
2016-03-29 19:59:56,825 [Worker-508] INFO  o.e.m.c.i.e.AbstractTransferListenerAdapter - Downloading https://repo.maven.apache.org/maven2/org/apache/commons/commons-parent/37/commons-parent-37.pom
2016-03-29 19:59:56,982 [Worker-508] INFO  o.e.m.c.i.e.AbstractTransferListenerAdapter - Downloaded https://repo.maven.apache.org/maven2/org/apache/commons/commons-parent/37/commons-parent-37.pom
2016-03-29 19:59:57,017 [Worker-508] INFO  o.e.m.c.i.e.AbstractTransferListenerAdapter - Downloading https://repo.maven.apache.org/maven2/org/apache/apache/16/apache-16.pom
2016-03-29 19:59:57,099 [Worker-508] INFO  o.e.m.c.i.e.AbstractTransferListenerAdapter - Downloaded https://repo.maven.apache.org/maven2/org/apache/apache/16/apache-16.pom
2016-03-29 19:59:57,152 [Worker-508] INFO  o.e.m.c.i.e.AbstractTransferListenerAdapter - Downloading https://repo.maven.apache.org/maven2/org/apache/httpcomponents/httpclient/4.5/httpclient-4.5.pom
2016-03-29 19:59:57,194 [Worker-508] INFO  o.e.m.c.i.e.AbstractTransferListenerAdapter - Downloaded https://repo.maven.apache.org/maven2/org/apache/httpcomponents/httpclient/4.5/httpclient-4.5.pom
2016-03-29 19:59:57,231 [Worker-508] INFO  o.e.m.c.i.e.AbstractTransferListenerAdapter - Downloading https://repo.maven.apache.org/maven2/org/apache/httpcomponents/httpcomponents-client/4.5/httpcomponents-client-4.5.pom
2016-03-29 19:59:57,259 [Worker-508] INFO  o.e.m.c.i.e.AbstractTransferListenerAdapter - Downloaded https://repo.maven.apache.org/maven2/org/apache/httpcomponents/httpcomponents-client/4.5/httpcomponents-client-4.5.pom
2016-03-29 19:59:57,301 [Worker-508] INFO  o.e.m.c.i.e.AbstractTransferListenerAdapter - Downloading https://repo.maven.apache.org/maven2/org/apache/httpcomponents/httpcore/4.4.1/httpcore-4.4.1.pom
2016-03-29 19:59:57,333 [Worker-508] INFO  o.e.m.c.i.e.AbstractTransferListenerAdapter - Downloaded https://repo.maven.apache.org/maven2/org/apache/httpcomponents/httpcore/4.4.1/httpcore-4.4.1.pom
2016-03-29 19:59:57,364 [Worker-508] INFO  o.e.m.c.i.e.AbstractTransferListenerAdapter - Downloading https://repo.maven.apache.org/maven2/org/apache/httpcomponents/httpcomponents-core/4.4.1/httpcomponents-core-4.4.1.pom
2016-03-29 19:59:57,395 [Worker-508] INFO  o.e.m.c.i.e.AbstractTransferListenerAdapter - Downloaded https://repo.maven.apache.org/maven2/org/apache/httpcomponents/httpcomponents-core/4.4.1/httpcomponents-core-4.4.1.pom
2016-03-29 19:59:57,423 [Worker-508] INFO  o.e.m.c.i.e.AbstractTransferListenerAdapter - Downloading https://repo.maven.apache.org/maven2/org/apache/httpcomponents/httpmime/4.5/httpmime-4.5.pom
2016-03-29 19:59:57,459 [Worker-508] INFO  o.e.m.c.i.e.AbstractTransferListenerAdapter - Downloaded https://repo.maven.apache.org/maven2/org/apache/httpcomponents/httpmime/4.5/httpmime-4.5.pom
2016-03-29 19:59:57,497 [Worker-508] INFO  o.e.m.c.i.e.AbstractTransferListenerAdapter - Downloading https://repo.maven.apache.org/maven2/commons-codec/commons-codec/1.10/commons-codec-1.10.pom
2016-03-29 19:59:57,528 [Worker-508] INFO  o.e.m.c.i.e.AbstractTransferListenerAdapter - Downloaded https://repo.maven.apache.org/maven2/commons-codec/commons-codec/1.10/commons-codec-1.10.pom
2016-03-29 19:59:57,561 [Worker-508] INFO  o.e.m.c.i.e.AbstractTransferListenerAdapter - Downloading https://repo.maven.apache.org/maven2/net/sourceforge/htmlunit/htmlunit-core-js/2.17/htmlunit-core-js-2.17.pom
2016-03-29 19:59:57,594 [Worker-508] INFO  o.e.m.c.i.e.AbstractTransferListenerAdapter - Downloaded https://repo.maven.apache.org/maven2/net/sourceforge/htmlunit/htmlunit-core-js/2.17/htmlunit-core-js-2.17.pom
2016-03-29 19:59:57,622 [Worker-508] INFO  o.e.m.c.i.e.AbstractTransferListenerAdapter - Downloading https://repo.maven.apache.org/maven2/xerces/xercesImpl/2.11.0/xercesImpl-2.11.0.pom
2016-03-29 19:59:57,660 [Worker-508] INFO  o.e.m.c.i.e.AbstractTransferListenerAdapter - Downloaded https://repo.maven.apache.org/maven2/xerces/xercesImpl/2.11.0/xercesImpl-2.11.0.pom
2016-03-29 19:59:57,686 [Worker-508] INFO  o.e.m.c.i.e.AbstractTransferListenerAdapter - Downloading https://repo.maven.apache.org/maven2/xml-apis/xml-apis/1.4.01/xml-apis-1.4.01.pom
2016-03-29 19:59:57,743 [Worker-508] INFO  o.e.m.c.i.e.AbstractTransferListenerAdapter - Downloaded https://repo.maven.apache.org/maven2/xml-apis/xml-apis/1.4.01/xml-apis-1.4.01.pom
2016-03-29 19:59:57,777 [Worker-508] INFO  o.e.m.c.i.e.AbstractTransferListenerAdapter - Downloading https://repo.maven.apache.org/maven2/net/sourceforge/nekohtml/nekohtml/1.9.22/nekohtml-1.9.22.pom
2016-03-29 19:59:57,826 [Worker-508] INFO  o.e.m.c.i.e.AbstractTransferListenerAdapter - Downloaded https://repo.maven.apache.org/maven2/net/sourceforge/nekohtml/nekohtml/1.9.22/nekohtml-1.9.22.pom
2016-03-29 19:59:57,976 [Worker-508] INFO  o.e.m.c.i.e.AbstractTransferListenerAdapter - Downloading https://repo.maven.apache.org/maven2/net/sourceforge/cssparser/cssparser/0.9.16/cssparser-0.9.16.pom
2016-03-29 19:59:58,016 [Worker-508] INFO  o.e.m.c.i.e.AbstractTransferListenerAdapter - Downloaded https://repo.maven.apache.org/maven2/net/sourceforge/cssparser/cssparser/0.9.16/cssparser-0.9.16.pom
2016-03-29 19:59:58,066 [Worker-508] INFO  o.e.m.c.i.e.AbstractTransferListenerAdapter - Downloading https://repo.maven.apache.org/maven2/org/w3c/css/sac/1.3/sac-1.3.pom
2016-03-29 19:59:58,101 [Worker-508] INFO  o.e.m.c.i.e.AbstractTransferListenerAdapter - Downloaded https://repo.maven.apache.org/maven2/org/w3c/css/sac/1.3/sac-1.3.pom
2016-03-29 19:59:58,157 [Worker-508] INFO  o.e.m.c.i.e.AbstractTransferListenerAdapter - Downloading https://repo.maven.apache.org/maven2/org/eclipse/jetty/websocket/websocket-client/9.2.12.v20150709/websocket-client-9.2.12.v20150709.pom
2016-03-29 19:59:58,289 [Worker-508] INFO  o.e.m.c.i.e.AbstractTransferListenerAdapter - Downloaded https://repo.maven.apache.org/maven2/org/eclipse/jetty/websocket/websocket-client/9.2.12.v20150709/websocket-client-9.2.12.v20150709.pom
2016-03-29 19:59:58,343 [Worker-508] INFO  o.e.m.c.i.e.AbstractTransferListenerAdapter - Downloading https://repo.maven.apache.org/maven2/org/eclipse/jetty/websocket/websocket-parent/9.2.12.v20150709/websocket-parent-9.2.12.v20150709.pom
2016-03-29 19:59:58,373 [Worker-508] INFO  o.e.m.c.i.e.AbstractTransferListenerAdapter - Downloaded https://repo.maven.apache.org/maven2/org/eclipse/jetty/websocket/websocket-parent/9.2.12.v20150709/websocket-parent-9.2.12.v20150709.pom
2016-03-29 19:59:58,405 [Worker-508] INFO  o.e.m.c.i.e.AbstractTransferListenerAdapter - Downloading https://repo.maven.apache.org/maven2/org/eclipse/jetty/jetty-project/9.2.12.v20150709/jetty-project-9.2.12.v20150709.pom
2016-03-29 19:59:58,439 [Worker-508] INFO  o.e.m.c.i.e.AbstractTransferListenerAdapter - Downloaded https://repo.maven.apache.org/maven2/org/eclipse/jetty/jetty-project/9.2.12.v20150709/jetty-project-9.2.12.v20150709.pom
2016-03-29 19:59:58,490 [Worker-508] INFO  o.e.m.c.i.e.AbstractTransferListenerAdapter - Downloading https://repo.maven.apache.org/maven2/org/eclipse/jetty/jetty-parent/23/jetty-parent-23.pom
2016-03-29 19:59:58,519 [Worker-508] INFO  o.e.m.c.i.e.AbstractTransferListenerAdapter - Downloaded https://repo.maven.apache.org/maven2/org/eclipse/jetty/jetty-parent/23/jetty-parent-23.pom
2016-03-29 19:59:58,552 [Worker-508] INFO  o.e.m.c.i.e.AbstractTransferListenerAdapter - Downloading https://repo.maven.apache.org/maven2/org/eclipse/jetty/jetty-util/9.2.12.v20150709/jetty-util-9.2.12.v20150709.pom
2016-03-29 19:59:58,578 [Worker-508] INFO  o.e.m.c.i.e.AbstractTransferListenerAdapter - Downloaded https://repo.maven.apache.org/maven2/org/eclipse/jetty/jetty-util/9.2.12.v20150709/jetty-util-9.2.12.v20150709.pom
2016-03-29 19:59:58,615 [Worker-508] INFO  o.e.m.c.i.e.AbstractTransferListenerAdapter - Downloading https://repo.maven.apache.org/maven2/org/eclipse/jetty/jetty-io/9.2.12.v20150709/jetty-io-9.2.12.v20150709.pom
2016-03-29 19:59:58,646 [Worker-508] INFO  o.e.m.c.i.e.AbstractTransferListenerAdapter - Downloaded https://repo.maven.apache.org/maven2/org/eclipse/jetty/jetty-io/9.2.12.v20150709/jetty-io-9.2.12.v20150709.pom
2016-03-29 19:59:58,739 [Worker-508] INFO  o.e.m.c.i.e.AbstractTransferListenerAdapter - Downloading https://repo.maven.apache.org/maven2/org/eclipse/jetty/websocket/websocket-common/9.2.12.v20150709/websocket-common-9.2.12.v20150709.pom
2016-03-29 19:59:58,768 [Worker-508] INFO  o.e.m.c.i.e.AbstractTransferListenerAdapter - Downloaded https://repo.maven.apache.org/maven2/org/eclipse/jetty/websocket/websocket-common/9.2.12.v20150709/websocket-common-9.2.12.v20150709.pom
2016-03-29 19:59:58,815 [Worker-508] INFO  o.e.m.c.i.e.AbstractTransferListenerAdapter - Downloading https://repo.maven.apache.org/maven2/org/eclipse/jetty/websocket/websocket-api/9.2.12.v20150709/websocket-api-9.2.12.v20150709.pom
2016-03-29 19:59:58,848 [Worker-508] INFO  o.e.m.c.i.e.AbstractTransferListenerAdapter - Downloaded https://repo.maven.apache.org/maven2/org/eclipse/jetty/websocket/websocket-api/9.2.12.v20150709/websocket-api-9.2.12.v20150709.pom
2016-03-29 19:59:58,896 [Worker-508] INFO  o.e.m.c.i.e.AbstractTransferListenerAdapter - Downloading https://repo.maven.apache.org/maven2/commons-collections/commons-collections/3.2.2/commons-collections-3.2.2.pom
2016-03-29 19:59:58,919 [Worker-508] INFO  o.e.m.c.i.e.AbstractTransferListenerAdapter - Downloaded https://repo.maven.apache.org/maven2/commons-collections/commons-collections/3.2.2/commons-collections-3.2.2.pom
2016-03-29 19:59:58,950 [Worker-508] INFO  o.e.m.c.i.e.AbstractTransferListenerAdapter - Downloading https://repo.maven.apache.org/maven2/org/apache/commons/commons-parent/39/commons-parent-39.pom
2016-03-29 19:59:59,023 [Worker-508] INFO  o.e.m.c.i.e.AbstractTransferListenerAdapter - Downloaded https://repo.maven.apache.org/maven2/org/apache/commons/commons-parent/39/commons-parent-39.pom
2016-03-29 19:59:59,130 [Worker-508] INFO  o.e.m.c.i.e.AbstractTransferListenerAdapter - Downloading https://repo.maven.apache.org/maven2/org/seleniumhq/selenium/selenium-firefox-driver/2.52.0/selenium-firefox-driver-2.52.0.pom
2016-03-29 19:59:59,157 [Worker-508] INFO  o.e.m.c.i.e.AbstractTransferListenerAdapter - Downloaded https://repo.maven.apache.org/maven2/org/seleniumhq/selenium/selenium-firefox-driver/2.52.0/selenium-firefox-driver-2.52.0.pom
2016-03-29 19:59:59,185 [Worker-508] INFO  o.e.m.c.i.e.AbstractTransferListenerAdapter - Downloading https://repo.maven.apache.org/maven2/org/seleniumhq/selenium/selenium-ie-driver/2.52.0/selenium-ie-driver-2.52.0.pom
2016-03-29 19:59:59,226 [Worker-508] INFO  o.e.m.c.i.e.AbstractTransferListenerAdapter - Downloaded https://repo.maven.apache.org/maven2/org/seleniumhq/selenium/selenium-ie-driver/2.52.0/selenium-ie-driver-2.52.0.pom
2016-03-29 19:59:59,254 [Worker-508] INFO  o.e.m.c.i.e.AbstractTransferListenerAdapter - Downloading https://repo.maven.apache.org/maven2/org/seleniumhq/selenium/selenium-safari-driver/2.52.0/selenium-safari-driver-2.52.0.pom
2016-03-29 19:59:59,278 [Worker-508] INFO  o.e.m.c.i.e.AbstractTransferListenerAdapter - Downloaded https://repo.maven.apache.org/maven2/org/seleniumhq/selenium/selenium-safari-driver/2.52.0/selenium-safari-driver-2.52.0.pom
2016-03-29 19:59:59,304 [Worker-508] INFO  o.e.m.c.i.e.AbstractTransferListenerAdapter - Downloading https://repo.maven.apache.org/maven2/org/webbitserver/webbit/0.4.14/webbit-0.4.14.pom
2016-03-29 19:59:59,327 [Worker-508] INFO  o.e.m.c.i.e.AbstractTransferListenerAdapter - Downloaded https://repo.maven.apache.org/maven2/org/webbitserver/webbit/0.4.14/webbit-0.4.14.pom
2016-03-29 19:59:59,352 [Worker-508] INFO  o.e.m.c.i.e.AbstractTransferListenerAdapter - Downloading https://repo.maven.apache.org/maven2/org/sonatype/oss/oss-parent/6/oss-parent-6.pom
2016-03-29 19:59:59,376 [Worker-508] INFO  o.e.m.c.i.e.AbstractTransferListenerAdapter - Downloaded https://repo.maven.apache.org/maven2/org/sonatype/oss/oss-parent/6/oss-parent-6.pom
2016-03-29 19:59:59,418 [Worker-508] INFO  o.e.m.c.i.e.AbstractTransferListenerAdapter - Downloading https://repo.maven.apache.org/maven2/io/netty/netty/3.5.2.Final/netty-3.5.2.Final.pom
2016-03-29 19:59:59,465 [Worker-508] INFO  o.e.m.c.i.e.AbstractTransferListenerAdapter - Downloaded https://repo.maven.apache.org/maven2/io/netty/netty/3.5.2.Final/netty-3.5.2.Final.pom
2016-03-29 19:59:59,543 [Worker-508] INFO  o.e.m.c.i.e.AbstractTransferListenerAdapter - Downloading https://repo.maven.apache.org/maven2/org/seleniumhq/selenium/selenium-leg-rc/2.52.0/selenium-leg-rc-2.52.0.pom
2016-03-29 19:59:59,566 [Worker-508] INFO  o.e.m.c.i.e.AbstractTransferListenerAdapter - Downloaded https://repo.maven.apache.org/maven2/org/seleniumhq/selenium/selenium-leg-rc/2.52.0/selenium-leg-rc-2.52.0.pom
2016-03-29 19:59:59,609 [Worker-508] INFO  o.e.m.c.i.e.AbstractTransferListenerAdapter - Downloading https://repo.maven.apache.org/maven2/org/apache/httpcomponents/httpclient/4.3.3/httpclient-4.3.3.pom
2016-03-29 19:59:59,633 [Worker-508] INFO  o.e.m.c.i.e.AbstractTransferListenerAdapter - Downloaded https://repo.maven.apache.org/maven2/org/apache/httpcomponents/httpclient/4.3.3/httpclient-4.3.3.pom
2016-03-29 19:59:59,664 [Worker-508] INFO  o.e.m.c.i.e.AbstractTransferListenerAdapter - Downloading https://repo.maven.apache.org/maven2/org/apache/httpcomponents/httpcomponents-client/4.3.3/httpcomponents-client-4.3.3.pom
2016-03-29 19:59:59,692 [Worker-508] INFO  o.e.m.c.i.e.AbstractTransferListenerAdapter - Downloaded https://repo.maven.apache.org/maven2/org/apache/httpcomponents/httpcomponents-client/4.3.3/httpcomponents-client-4.3.3.pom
2016-03-29 19:59:59,731 [Worker-508] INFO  o.e.m.c.i.e.AbstractTransferListenerAdapter - Downloading https://repo.maven.apache.org/maven2/org/apache/httpcomponents/httpcore/4.3.2/httpcore-4.3.2.pom
2016-03-29 19:59:59,764 [Worker-508] INFO  o.e.m.c.i.e.AbstractTransferListenerAdapter - Downloaded https://repo.maven.apache.org/maven2/org/apache/httpcomponents/httpcore/4.3.2/httpcore-4.3.2.pom
2016-03-29 19:59:59,817 [Worker-508] INFO  o.e.m.c.i.e.AbstractTransferListenerAdapter - Downloading https://repo.maven.apache.org/maven2/org/apache/httpcomponents/httpcomponents-core/4.3.2/httpcomponents-core-4.3.2.pom
2016-03-29 19:59:59,841 [Worker-508] INFO  o.e.m.c.i.e.AbstractTransferListenerAdapter - Downloaded https://repo.maven.apache.org/maven2/org/apache/httpcomponents/httpcomponents-core/4.3.2/httpcomponents-core-4.3.2.pom
2016-03-29 19:59:59,868 [Worker-508] INFO  o.e.m.c.i.e.AbstractTransferListenerAdapter - Downloading https://repo.maven.apache.org/maven2/commons-logging/commons-logging/1.1.3/commons-logging-1.1.3.pom
2016-03-29 19:59:59,890 [Worker-508] INFO  o.e.m.c.i.e.AbstractTransferListenerAdapter - Downloaded https://repo.maven.apache.org/maven2/commons-logging/commons-logging/1.1.3/commons-logging-1.1.3.pom
2016-03-29 19:59:59,919 [Worker-508] INFO  o.e.m.c.i.e.AbstractTransferListenerAdapter - Downloading https://repo.maven.apache.org/maven2/org/apache/commons/commons-parent/28/commons-parent-28.pom
2016-03-29 19:59:59,981 [Worker-508] INFO  o.e.m.c.i.e.AbstractTransferListenerAdapter - Downloaded https://repo.maven.apache.org/maven2/org/apache/commons/commons-parent/28/commons-parent-28.pom
2016-03-29 20:00:00,020 [Worker-508] INFO  o.e.m.c.i.e.AbstractTransferListenerAdapter - Downloading https://repo.maven.apache.org/maven2/commons-codec/commons-codec/1.6/commons-codec-1.6.pom
2016-03-29 20:00:00,042 [Worker-508] INFO  o.e.m.c.i.e.AbstractTransferListenerAdapter - Downloaded https://repo.maven.apache.org/maven2/commons-codec/commons-codec/1.6/commons-codec-1.6.pom
2016-03-29 20:00:00,069 [Worker-508] INFO  o.e.m.c.i.e.AbstractTransferListenerAdapter - Downloading https://repo.maven.apache.org/maven2/org/apache/commons/commons-parent/22/commons-parent-22.pom
2016-03-29 20:00:00,121 [Worker-508] INFO  o.e.m.c.i.e.AbstractTransferListenerAdapter - Downloaded https://repo.maven.apache.org/maven2/org/apache/commons/commons-parent/22/commons-parent-22.pom
2016-03-29 20:00:00,147 [Worker-508] INFO  o.e.m.c.i.e.AbstractTransferListenerAdapter - Downloading https://repo.maven.apache.org/maven2/com/google/guava/guava/17.0/guava-17.0.pom
2016-03-29 20:00:00,169 [Worker-508] INFO  o.e.m.c.i.e.AbstractTransferListenerAdapter - Downloaded https://repo.maven.apache.org/maven2/com/google/guava/guava/17.0/guava-17.0.pom
2016-03-29 20:00:00,196 [Worker-508] INFO  o.e.m.c.i.e.AbstractTransferListenerAdapter - Downloading https://repo.maven.apache.org/maven2/com/google/guava/guava-parent/17.0/guava-parent-17.0.pom
2016-03-29 20:00:00,224 [Worker-508] INFO  o.e.m.c.i.e.AbstractTransferListenerAdapter - Downloaded https://repo.maven.apache.org/maven2/com/google/guava/guava-parent/17.0/guava-parent-17.0.pom
2016-03-29 20:00:00,250 [Worker-508] INFO  o.e.m.c.i.e.AbstractTransferListenerAdapter - Downloading https://repo.maven.apache.org/maven2/cglib/cglib/3.1/cglib-3.1.pom
2016-03-29 20:00:00,275 [Worker-508] INFO  o.e.m.c.i.e.AbstractTransferListenerAdapter - Downloaded https://repo.maven.apache.org/maven2/cglib/cglib/3.1/cglib-3.1.pom
2016-03-29 20:00:00,306 [Worker-508] INFO  o.e.m.c.i.e.AbstractTransferListenerAdapter - Downloading https://repo.maven.apache.org/maven2/org/ow2/asm/asm/4.2/asm-4.2.pom
2016-03-29 20:00:00,360 [Worker-508] INFO  o.e.m.c.i.e.AbstractTransferListenerAdapter - Downloaded https://repo.maven.apache.org/maven2/org/ow2/asm/asm/4.2/asm-4.2.pom
2016-03-29 20:00:00,406 [Worker-508] INFO  o.e.m.c.i.e.AbstractTransferListenerAdapter - Downloading https://repo.maven.apache.org/maven2/org/ow2/asm/asm-parent/4.2/asm-parent-4.2.pom
2016-03-29 20:00:00,433 [Worker-508] INFO  o.e.m.c.i.e.AbstractTransferListenerAdapter - Downloaded https://repo.maven.apache.org/maven2/org/ow2/asm/asm-parent/4.2/asm-parent-4.2.pom
2016-03-29 20:00:00,457 [Worker-508] INFO  o.e.m.c.i.e.AbstractTransferListenerAdapter - Downloading https://repo.maven.apache.org/maven2/org/ow2/ow2/1.3/ow2-1.3.pom
2016-03-29 20:00:00,524 [Worker-508] INFO  o.e.m.c.i.e.AbstractTransferListenerAdapter - Downloaded https://repo.maven.apache.org/maven2/org/ow2/ow2/1.3/ow2-1.3.pom
2016-03-29 20:00:00,555 [Worker-508] INFO  o.e.m.c.i.e.AbstractTransferListenerAdapter - Downloading https://repo.maven.apache.org/maven2/commons-validator/commons-validator/1.4.1/commons-validator-1.4.1.pom
2016-03-29 20:00:00,579 [Worker-508] INFO  o.e.m.c.i.e.AbstractTransferListenerAdapter - Downloaded https://repo.maven.apache.org/maven2/commons-validator/commons-validator/1.4.1/commons-validator-1.4.1.pom
2016-03-29 20:00:00,610 [Worker-508] INFO  o.e.m.c.i.e.AbstractTransferListenerAdapter - Downloading https://repo.maven.apache.org/maven2/org/apache/commons/commons-parent/36/commons-parent-36.pom
2016-03-29 20:00:00,702 [Worker-508] INFO  o.e.m.c.i.e.AbstractTransferListenerAdapter - Downloaded https://repo.maven.apache.org/maven2/org/apache/commons/commons-parent/36/commons-parent-36.pom
2016-03-29 20:00:00,761 [Worker-508] INFO  o.e.m.c.i.e.AbstractTransferListenerAdapter - Downloading https://repo.maven.apache.org/maven2/commons-beanutils/commons-beanutils/1.8.3/commons-beanutils-1.8.3.pom
2016-03-29 20:00:00,783 [Worker-508] INFO  o.e.m.c.i.e.AbstractTransferListenerAdapter - Downloaded https://repo.maven.apache.org/maven2/commons-beanutils/commons-beanutils/1.8.3/commons-beanutils-1.8.3.pom
2016-03-29 20:00:00,813 [Worker-508] INFO  o.e.m.c.i.e.AbstractTransferListenerAdapter - Downloading https://repo.maven.apache.org/maven2/org/apache/commons/commons-parent/14/commons-parent-14.pom
2016-03-29 20:00:00,863 [Worker-508] INFO  o.e.m.c.i.e.AbstractTransferListenerAdapter - Downloaded https://repo.maven.apache.org/maven2/org/apache/commons/commons-parent/14/commons-parent-14.pom
2016-03-29 20:00:00,902 [Worker-508] INFO  o.e.m.c.i.e.AbstractTransferListenerAdapter - Downloading https://repo.maven.apache.org/maven2/org/apache/apache/7/apache-7.pom
2016-03-29 20:00:00,927 [Worker-508] INFO  o.e.m.c.i.e.AbstractTransferListenerAdapter - Downloaded https://repo.maven.apache.org/maven2/org/apache/apache/7/apache-7.pom
2016-03-29 20:00:00,958 [Worker-508] INFO  o.e.m.c.i.e.AbstractTransferListenerAdapter - Downloading https://repo.maven.apache.org/maven2/commons-logging/commons-logging/1.1.1/commons-logging-1.1.1.pom
2016-03-29 20:00:00,989 [Worker-508] INFO  o.e.m.c.i.e.AbstractTransferListenerAdapter - Downloaded https://repo.maven.apache.org/maven2/commons-logging/commons-logging/1.1.1/commons-logging-1.1.1.pom
2016-03-29 20:00:01,017 [Worker-508] INFO  o.e.m.c.i.e.AbstractTransferListenerAdapter - Downloading https://repo.maven.apache.org/maven2/org/apache/commons/commons-parent/5/commons-parent-5.pom
2016-03-29 20:00:01,049 [Worker-508] INFO  o.e.m.c.i.e.AbstractTransferListenerAdapter - Downloaded https://repo.maven.apache.org/maven2/org/apache/commons/commons-parent/5/commons-parent-5.pom
2016-03-29 20:00:01,080 [Worker-508] INFO  o.e.m.c.i.e.AbstractTransferListenerAdapter - Downloading https://repo.maven.apache.org/maven2/commons-digester/commons-digester/1.8.1/commons-digester-1.8.1.pom
2016-03-29 20:00:01,112 [Worker-508] INFO  o.e.m.c.i.e.AbstractTransferListenerAdapter - Downloaded https://repo.maven.apache.org/maven2/commons-digester/commons-digester/1.8.1/commons-digester-1.8.1.pom
2016-03-29 20:00:01,155 [Worker-508] INFO  o.e.m.c.i.e.AbstractTransferListenerAdapter - Downloading https://repo.maven.apache.org/maven2/org/apache/commons/commons-parent/11/commons-parent-11.pom
2016-03-29 20:00:01,201 [Worker-508] INFO  o.e.m.c.i.e.AbstractTransferListenerAdapter - Downloaded https://repo.maven.apache.org/maven2/org/apache/commons/commons-parent/11/commons-parent-11.pom
2016-03-29 20:00:01,244 [Worker-508] INFO  o.e.m.c.i.e.AbstractTransferListenerAdapter - Downloading https://repo.maven.apache.org/maven2/commons-collections/commons-collections/3.2.1/commons-collections-3.2.1.pom
2016-03-29 20:00:01,273 [Worker-508] INFO  o.e.m.c.i.e.AbstractTransferListenerAdapter - Downloaded https://repo.maven.apache.org/maven2/commons-collections/commons-collections/3.2.1/commons-collections-3.2.1.pom
2016-03-29 20:00:01,337 [Worker-508] INFO  o.e.m.c.i.e.AbstractTransferListenerAdapter - Downloading https://repo.maven.apache.org/maven2/org/apache/commons/commons-parent/9/commons-parent-9.pom
2016-03-29 20:00:01,397 [Worker-508] INFO  o.e.m.c.i.e.AbstractTransferListenerAdapter - Downloaded https://repo.maven.apache.org/maven2/org/apache/commons/commons-parent/9/commons-parent-9.pom
2016-03-29 20:00:01,463 [Worker-508] INFO  o.e.m.c.i.e.AbstractTransferListenerAdapter - Downloading https://repo.maven.apache.org/maven2/io/appium/java-client/3.4.0/java-client-3.4.0.jar
2016-03-29 20:00:01,633 [Worker-508] INFO  o.e.m.c.i.e.AbstractTransferListenerAdapter - Downloaded https://repo.maven.apache.org/maven2/io/appium/java-client/3.4.0/java-client-3.4.0.jar
2016-03-29 20:00:01,661 [Worker-508] INFO  o.e.m.c.i.e.AbstractTransferListenerAdapter - Downloading https://repo.maven.apache.org/maven2/com/google/code/gson/gson/2.2.4/gson-2.2.4.jar
2016-03-29 20:00:01,949 [Worker-508] INFO  o.e.m.c.i.e.AbstractTransferListenerAdapter - Downloaded https://repo.maven.apache.org/maven2/com/google/code/gson/gson/2.2.4/gson-2.2.4.jar
2016-03-29 20:00:01,981 [Worker-508] INFO  o.e.m.c.i.e.AbstractTransferListenerAdapter - Downloading https://repo.maven.apache.org/maven2/org/seleniumhq/selenium/selenium-java/2.52.0/selenium-java-2.52.0.jar
2016-03-29 20:00:02,009 [Worker-508] INFO  o.e.m.c.i.e.AbstractTransferListenerAdapter - Downloaded https://repo.maven.apache.org/maven2/org/seleniumhq/selenium/selenium-java/2.52.0/selenium-java-2.52.0.jar
2016-03-29 20:00:02,033 [Worker-508] INFO  o.e.m.c.i.e.AbstractTransferListenerAdapter - Downloading https://repo.maven.apache.org/maven2/org/seleniumhq/selenium/selenium-chrome-driver/2.52.0/selenium-chrome-driver-2.52.0.jar
2016-03-29 20:00:02,094 [Worker-508] INFO  o.e.m.c.i.e.AbstractTransferListenerAdapter - Downloaded https://repo.maven.apache.org/maven2/org/seleniumhq/selenium/selenium-chrome-driver/2.52.0/selenium-chrome-driver-2.52.0.jar
2016-03-29 20:00:02,136 [Worker-508] INFO  o.e.m.c.i.e.AbstractTransferListenerAdapter - Downloading https://repo.maven.apache.org/maven2/org/seleniumhq/selenium/selenium-remote-driver/2.52.0/selenium-remote-driver-2.52.0.jar
2016-03-29 20:00:02,449 [Worker-508] INFO  o.e.m.c.i.e.AbstractTransferListenerAdapter - Downloaded https://repo.maven.apache.org/maven2/org/seleniumhq/selenium/selenium-remote-driver/2.52.0/selenium-remote-driver-2.52.0.jar
2016-03-29 20:00:02,479 [Worker-508] INFO  o.e.m.c.i.e.AbstractTransferListenerAdapter - Downloading https://repo.maven.apache.org/maven2/cglib/cglib-nodep/2.1_3/cglib-nodep-2.1_3.jar
2016-03-29 20:00:02,764 [Worker-508] INFO  o.e.m.c.i.e.AbstractTransferListenerAdapter - Downloaded https://repo.maven.apache.org/maven2/cglib/cglib-nodep/2.1_3/cglib-nodep-2.1_3.jar
2016-03-29 20:00:02,791 [Worker-508] INFO  o.e.m.c.i.e.AbstractTransferListenerAdapter - Downloading https://repo.maven.apache.org/maven2/org/seleniumhq/selenium/selenium-api/2.52.0/selenium-api-2.52.0.jar
2016-03-29 20:00:02,941 [Worker-508] INFO  o.e.m.c.i.e.AbstractTransferListenerAdapter - Downloaded https://repo.maven.apache.org/maven2/org/seleniumhq/selenium/selenium-api/2.52.0/selenium-api-2.52.0.jar
2016-03-29 20:00:02,965 [Worker-508] INFO  o.e.m.c.i.e.AbstractTransferListenerAdapter - Downloading https://repo.maven.apache.org/maven2/org/seleniumhq/selenium/selenium-edge-driver/2.52.0/selenium-edge-driver-2.52.0.jar
2016-03-29 20:00:03,000 [Worker-508] INFO  o.e.m.c.i.e.AbstractTransferListenerAdapter - Downloaded https://repo.maven.apache.org/maven2/org/seleniumhq/selenium/selenium-edge-driver/2.52.0/selenium-edge-driver-2.52.0.jar
2016-03-29 20:00:03,024 [Worker-508] INFO  o.e.m.c.i.e.AbstractTransferListenerAdapter - Downloading https://repo.maven.apache.org/maven2/commons-io/commons-io/2.4/commons-io-2.4.jar
2016-03-29 20:00:03,277 [Worker-508] INFO  o.e.m.c.i.e.AbstractTransferListenerAdapter - Downloaded https://repo.maven.apache.org/maven2/commons-io/commons-io/2.4/commons-io-2.4.jar
2016-03-29 20:00:03,302 [Worker-508] INFO  o.e.m.c.i.e.AbstractTransferListenerAdapter - Downloading https://repo.maven.apache.org/maven2/org/apache/commons/commons-exec/1.3/commons-exec-1.3.jar
2016-03-29 20:00:03,374 [Worker-508] INFO  o.e.m.c.i.e.AbstractTransferListenerAdapter - Downloaded https://repo.maven.apache.org/maven2/org/apache/commons/commons-exec/1.3/commons-exec-1.3.jar
2016-03-29 20:00:03,403 [Worker-508] INFO  o.e.m.c.i.e.AbstractTransferListenerAdapter - Downloading https://repo.maven.apache.org/maven2/org/seleniumhq/selenium/selenium-htmlunit-driver/2.52.0/selenium-htmlunit-driver-2.52.0.jar
2016-03-29 20:00:03,467 [Worker-508] INFO  o.e.m.c.i.e.AbstractTransferListenerAdapter - Downloaded https://repo.maven.apache.org/maven2/org/seleniumhq/selenium/selenium-htmlunit-driver/2.52.0/selenium-htmlunit-driver-2.52.0.jar
2016-03-29 20:00:03,504 [Worker-508] INFO  o.e.m.c.i.e.AbstractTransferListenerAdapter - Downloading https://repo.maven.apache.org/maven2/net/sourceforge/htmlunit/htmlunit/2.18/htmlunit-2.18.jar
2016-03-29 20:00:05,383 [Worker-508] INFO  o.e.m.c.i.e.AbstractTransferListenerAdapter - Downloaded https://repo.maven.apache.org/maven2/net/sourceforge/htmlunit/htmlunit/2.18/htmlunit-2.18.jar
2016-03-29 20:00:05,411 [Worker-508] INFO  o.e.m.c.i.e.AbstractTransferListenerAdapter - Downloading https://repo.maven.apache.org/maven2/xalan/xalan/2.7.2/xalan-2.7.2.jar
2016-03-29 20:00:08,029 [Worker-508] INFO  o.e.m.c.i.e.AbstractTransferListenerAdapter - Downloaded https://repo.maven.apache.org/maven2/xalan/xalan/2.7.2/xalan-2.7.2.jar
2016-03-29 20:00:08,055 [Worker-508] INFO  o.e.m.c.i.e.AbstractTransferListenerAdapter - Downloading https://repo.maven.apache.org/maven2/xalan/serializer/2.7.2/serializer-2.7.2.jar
2016-03-29 20:00:08,190 [Worker-508] INFO  o.e.m.c.i.e.AbstractTransferListenerAdapter - Downloaded https://repo.maven.apache.org/maven2/xalan/serializer/2.7.2/serializer-2.7.2.jar
2016-03-29 20:00:08,220 [Worker-508] INFO  o.e.m.c.i.e.AbstractTransferListenerAdapter - Downloading https://repo.maven.apache.org/maven2/org/apache/commons/commons-lang3/3.4/commons-lang3-3.4.jar
2016-03-29 20:00:08,448 [Worker-508] INFO  o.e.m.c.i.e.AbstractTransferListenerAdapter - Downloaded https://repo.maven.apache.org/maven2/org/apache/commons/commons-lang3/3.4/commons-lang3-3.4.jar
2016-03-29 20:00:08,504 [Worker-508] INFO  o.e.m.c.i.e.AbstractTransferListenerAdapter - Downloading https://repo.maven.apache.org/maven2/org/apache/httpcomponents/httpmime/4.5/httpmime-4.5.jar
2016-03-29 20:00:08,548 [Worker-508] INFO  o.e.m.c.i.e.AbstractTransferListenerAdapter - Downloaded https://repo.maven.apache.org/maven2/org/apache/httpcomponents/httpmime/4.5/httpmime-4.5.jar
2016-03-29 20:00:08,573 [Worker-508] INFO  o.e.m.c.i.e.AbstractTransferListenerAdapter - Downloading https://repo.maven.apache.org/maven2/net/sourceforge/htmlunit/htmlunit-core-js/2.17/htmlunit-core-js-2.17.jar
2016-03-29 20:00:09,169 [Worker-508] INFO  o.e.m.c.i.e.AbstractTransferListenerAdapter - Downloaded https://repo.maven.apache.org/maven2/net/sourceforge/htmlunit/htmlunit-core-js/2.17/htmlunit-core-js-2.17.jar
2016-03-29 20:00:09,210 [Worker-508] INFO  o.e.m.c.i.e.AbstractTransferListenerAdapter - Downloading https://repo.maven.apache.org/maven2/xerces/xercesImpl/2.11.0/xercesImpl-2.11.0.jar
2016-03-29 20:00:10,112 [Worker-508] INFO  o.e.m.c.i.e.AbstractTransferListenerAdapter - Downloaded https://repo.maven.apache.org/maven2/xerces/xercesImpl/2.11.0/xercesImpl-2.11.0.jar
2016-03-29 20:00:10,164 [Worker-508] INFO  o.e.m.c.i.e.AbstractTransferListenerAdapter - Downloading https://repo.maven.apache.org/maven2/xml-apis/xml-apis/1.4.01/xml-apis-1.4.01.jar
2016-03-29 20:00:10,328 [Worker-508] INFO  o.e.m.c.i.e.AbstractTransferListenerAdapter - Downloaded https://repo.maven.apache.org/maven2/xml-apis/xml-apis/1.4.01/xml-apis-1.4.01.jar
2016-03-29 20:00:10,414 [Worker-508] INFO  o.e.m.c.i.e.AbstractTransferListenerAdapter - Downloading https://repo.maven.apache.org/maven2/net/sourceforge/nekohtml/nekohtml/1.9.22/nekohtml-1.9.22.jar
2016-03-29 20:00:10,497 [Worker-508] INFO  o.e.m.c.i.e.AbstractTransferListenerAdapter - Downloaded https://repo.maven.apache.org/maven2/net/sourceforge/nekohtml/nekohtml/1.9.22/nekohtml-1.9.22.jar
2016-03-29 20:00:10,522 [Worker-508] INFO  o.e.m.c.i.e.AbstractTransferListenerAdapter - Downloading https://repo.maven.apache.org/maven2/net/sourceforge/cssparser/cssparser/0.9.16/cssparser-0.9.16.jar
2016-03-29 20:00:10,722 [Worker-508] INFO  o.e.m.c.i.e.AbstractTransferListenerAdapter - Downloaded https://repo.maven.apache.org/maven2/net/sourceforge/cssparser/cssparser/0.9.16/cssparser-0.9.16.jar
2016-03-29 20:00:10,746 [Worker-508] INFO  o.e.m.c.i.e.AbstractTransferListenerAdapter - Downloading https://repo.maven.apache.org/maven2/org/w3c/css/sac/1.3/sac-1.3.jar
2016-03-29 20:00:10,770 [Worker-508] INFO  o.e.m.c.i.e.AbstractTransferListenerAdapter - Downloaded https://repo.maven.apache.org/maven2/org/w3c/css/sac/1.3/sac-1.3.jar
2016-03-29 20:00:10,795 [Worker-508] INFO  o.e.m.c.i.e.AbstractTransferListenerAdapter - Downloading https://repo.maven.apache.org/maven2/org/eclipse/jetty/websocket/websocket-client/9.2.12.v20150709/websocket-client-9.2.12.v20150709.jar
2016-03-29 20:00:10,829 [Worker-508] INFO  o.e.m.c.i.e.AbstractTransferListenerAdapter - Downloaded https://repo.maven.apache.org/maven2/org/eclipse/jetty/websocket/websocket-client/9.2.12.v20150709/websocket-client-9.2.12.v20150709.jar
2016-03-29 20:00:10,857 [Worker-508] INFO  o.e.m.c.i.e.AbstractTransferListenerAdapter - Downloading https://repo.maven.apache.org/maven2/org/eclipse/jetty/jetty-util/9.2.12.v20150709/jetty-util-9.2.12.v20150709.jar
2016-03-29 20:00:10,990 [Worker-508] INFO  o.e.m.c.i.e.AbstractTransferListenerAdapter - Downloaded https://repo.maven.apache.org/maven2/org/eclipse/jetty/jetty-util/9.2.12.v20150709/jetty-util-9.2.12.v20150709.jar
2016-03-29 20:00:11,022 [Worker-508] INFO  o.e.m.c.i.e.AbstractTransferListenerAdapter - Downloading https://repo.maven.apache.org/maven2/org/eclipse/jetty/jetty-io/9.2.12.v20150709/jetty-io-9.2.12.v20150709.jar
2016-03-29 20:00:11,081 [Worker-508] INFO  o.e.m.c.i.e.AbstractTransferListenerAdapter - Downloaded https://repo.maven.apache.org/maven2/org/eclipse/jetty/jetty-io/9.2.12.v20150709/jetty-io-9.2.12.v20150709.jar
2016-03-29 20:00:11,106 [Worker-508] INFO  o.e.m.c.i.e.AbstractTransferListenerAdapter - Downloading https://repo.maven.apache.org/maven2/org/eclipse/jetty/websocket/websocket-common/9.2.12.v20150709/websocket-common-9.2.12.v20150709.jar
2016-03-29 20:00:11,185 [Worker-508] INFO  o.e.m.c.i.e.AbstractTransferListenerAdapter - Downloaded https://repo.maven.apache.org/maven2/org/eclipse/jetty/websocket/websocket-common/9.2.12.v20150709/websocket-common-9.2.12.v20150709.jar
2016-03-29 20:00:11,228 [Worker-508] INFO  o.e.m.c.i.e.AbstractTransferListenerAdapter - Downloading https://repo.maven.apache.org/maven2/org/eclipse/jetty/websocket/websocket-api/9.2.12.v20150709/websocket-api-9.2.12.v20150709.jar
2016-03-29 20:00:11,268 [Worker-508] INFO  o.e.m.c.i.e.AbstractTransferListenerAdapter - Downloaded https://repo.maven.apache.org/maven2/org/eclipse/jetty/websocket/websocket-api/9.2.12.v20150709/websocket-api-9.2.12.v20150709.jar
2016-03-29 20:00:11,301 [Worker-508] INFO  o.e.m.c.i.e.AbstractTransferListenerAdapter - Downloading https://repo.maven.apache.org/maven2/org/seleniumhq/selenium/selenium-firefox-driver/2.52.0/selenium-firefox-driver-2.52.0.jar
2016-03-29 20:00:11,672 [Worker-508] INFO  o.e.m.c.i.e.AbstractTransferListenerAdapter - Downloaded https://repo.maven.apache.org/maven2/org/seleniumhq/selenium/selenium-firefox-driver/2.52.0/selenium-firefox-driver-2.52.0.jar
2016-03-29 20:00:11,700 [Worker-508] INFO  o.e.m.c.i.e.AbstractTransferListenerAdapter - Downloading https://repo.maven.apache.org/maven2/org/seleniumhq/selenium/selenium-ie-driver/2.52.0/selenium-ie-driver-2.52.0.jar
2016-03-29 20:00:11,723 [Worker-508] INFO  o.e.m.c.i.e.AbstractTransferListenerAdapter - Downloaded https://repo.maven.apache.org/maven2/org/seleniumhq/selenium/selenium-ie-driver/2.52.0/selenium-ie-driver-2.52.0.jar
2016-03-29 20:00:11,748 [Worker-508] INFO  o.e.m.c.i.e.AbstractTransferListenerAdapter - Downloading https://repo.maven.apache.org/maven2/net/java/dev/jna/jna/4.1.0/jna-4.1.0.jar
2016-03-29 20:00:12,120 [Worker-508] INFO  o.e.m.c.i.e.AbstractTransferListenerAdapter - Downloaded https://repo.maven.apache.org/maven2/net/java/dev/jna/jna/4.1.0/jna-4.1.0.jar
2016-03-29 20:00:12,150 [Worker-508] INFO  o.e.m.c.i.e.AbstractTransferListenerAdapter - Downloading https://repo.maven.apache.org/maven2/net/java/dev/jna/jna-platform/4.1.0/jna-platform-4.1.0.jar
2016-03-29 20:00:12,688 [Worker-508] INFO  o.e.m.c.i.e.AbstractTransferListenerAdapter - Downloaded https://repo.maven.apache.org/maven2/net/java/dev/jna/jna-platform/4.1.0/jna-platform-4.1.0.jar
2016-03-29 20:00:12,737 [Worker-508] INFO  o.e.m.c.i.e.AbstractTransferListenerAdapter - Downloading https://repo.maven.apache.org/maven2/org/seleniumhq/selenium/selenium-safari-driver/2.52.0/selenium-safari-driver-2.52.0.jar
2016-03-29 20:00:12,848 [Worker-508] INFO  o.e.m.c.i.e.AbstractTransferListenerAdapter - Downloaded https://repo.maven.apache.org/maven2/org/seleniumhq/selenium/selenium-safari-driver/2.52.0/selenium-safari-driver-2.52.0.jar
2016-03-29 20:00:12,873 [Worker-508] INFO  o.e.m.c.i.e.AbstractTransferListenerAdapter - Downloading https://repo.maven.apache.org/maven2/org/seleniumhq/selenium/selenium-support/2.52.0/selenium-support-2.52.0.jar
2016-03-29 20:00:12,934 [Worker-508] INFO  o.e.m.c.i.e.AbstractTransferListenerAdapter - Downloaded https://repo.maven.apache.org/maven2/org/seleniumhq/selenium/selenium-support/2.52.0/selenium-support-2.52.0.jar
2016-03-29 20:00:12,966 [Worker-508] INFO  o.e.m.c.i.e.AbstractTransferListenerAdapter - Downloading https://repo.maven.apache.org/maven2/org/webbitserver/webbit/0.4.14/webbit-0.4.14.jar
2016-03-29 20:00:13,040 [Worker-508] INFO  o.e.m.c.i.e.AbstractTransferListenerAdapter - Downloaded https://repo.maven.apache.org/maven2/org/webbitserver/webbit/0.4.14/webbit-0.4.14.jar
2016-03-29 20:00:13,068 [Worker-508] INFO  o.e.m.c.i.e.AbstractTransferListenerAdapter - Downloading https://repo.maven.apache.org/maven2/io/netty/netty/3.5.2.Final/netty-3.5.2.Final.jar
2016-03-29 20:00:13,451 [Worker-508] INFO  o.e.m.c.i.e.AbstractTransferListenerAdapter - Downloaded https://repo.maven.apache.org/maven2/io/netty/netty/3.5.2.Final/netty-3.5.2.Final.jar
2016-03-29 20:00:13,480 [Worker-508] INFO  o.e.m.c.i.e.AbstractTransferListenerAdapter - Downloading https://repo.maven.apache.org/maven2/org/seleniumhq/selenium/selenium-leg-rc/2.52.0/selenium-leg-rc-2.52.0.jar
2016-03-29 20:00:13,641 [Worker-508] INFO  o.e.m.c.i.e.AbstractTransferListenerAdapter - Downloaded https://repo.maven.apache.org/maven2/org/seleniumhq/selenium/selenium-leg-rc/2.52.0/selenium-leg-rc-2.52.0.jar
2016-03-29 20:00:13,704 [Worker-508] INFO  o.e.m.c.i.e.AbstractTransferListenerAdapter - Downloading https://repo.maven.apache.org/maven2/org/apache/httpcomponents/httpclient/4.3.3/httpclient-4.3.3.jar
2016-03-29 20:00:13,989 [Worker-508] INFO  o.e.m.c.i.e.AbstractTransferListenerAdapter - Downloaded https://repo.maven.apache.org/maven2/org/apache/httpcomponents/httpclient/4.3.3/httpclient-4.3.3.jar
2016-03-29 20:00:14,021 [Worker-508] INFO  o.e.m.c.i.e.AbstractTransferListenerAdapter - Downloading https://repo.maven.apache.org/maven2/org/apache/httpcomponents/httpcore/4.3.2/httpcore-4.3.2.jar
2016-03-29 20:00:14,150 [Worker-508] INFO  o.e.m.c.i.e.AbstractTransferListenerAdapter - Downloaded https://repo.maven.apache.org/maven2/org/apache/httpcomponents/httpcore/4.3.2/httpcore-4.3.2.jar
2016-03-29 20:00:14,173 [Worker-508] INFO  o.e.m.c.i.e.AbstractTransferListenerAdapter - Downloading https://repo.maven.apache.org/maven2/commons-logging/commons-logging/1.1.3/commons-logging-1.1.3.jar
2016-03-29 20:00:14,207 [Worker-508] INFO  o.e.m.c.i.e.AbstractTransferListenerAdapter - Downloaded https://repo.maven.apache.org/maven2/commons-logging/commons-logging/1.1.3/commons-logging-1.1.3.jar
2016-03-29 20:00:14,238 [Worker-508] INFO  o.e.m.c.i.e.AbstractTransferListenerAdapter - Downloading https://repo.maven.apache.org/maven2/commons-codec/commons-codec/1.6/commons-codec-1.6.jar
2016-03-29 20:00:14,340 [Worker-508] INFO  o.e.m.c.i.e.AbstractTransferListenerAdapter - Downloaded https://repo.maven.apache.org/maven2/commons-codec/commons-codec/1.6/commons-codec-1.6.jar
2016-03-29 20:00:14,384 [Worker-508] INFO  o.e.m.c.i.e.AbstractTransferListenerAdapter - Downloading https://repo.maven.apache.org/maven2/com/google/guava/guava/17.0/guava-17.0.jar
2016-03-29 20:00:15,193 [Worker-508] INFO  o.e.m.c.i.e.AbstractTransferListenerAdapter - Downloaded https://repo.maven.apache.org/maven2/com/google/guava/guava/17.0/guava-17.0.jar
2016-03-29 20:00:15,221 [Worker-508] INFO  o.e.m.c.i.e.AbstractTransferListenerAdapter - Downloading https://repo.maven.apache.org/maven2/cglib/cglib/3.1/cglib-3.1.jar
2016-03-29 20:00:15,356 [Worker-508] INFO  o.e.m.c.i.e.AbstractTransferListenerAdapter - Downloaded https://repo.maven.apache.org/maven2/cglib/cglib/3.1/cglib-3.1.jar
2016-03-29 20:00:15,378 [Worker-508] INFO  o.e.m.c.i.e.AbstractTransferListenerAdapter - Downloading https://repo.maven.apache.org/maven2/org/ow2/asm/asm/4.2/asm-4.2.jar
2016-03-29 20:00:15,414 [Worker-508] INFO  o.e.m.c.i.e.AbstractTransferListenerAdapter - Downloaded https://repo.maven.apache.org/maven2/org/ow2/asm/asm/4.2/asm-4.2.jar
2016-03-29 20:00:15,442 [Worker-508] INFO  o.e.m.c.i.e.AbstractTransferListenerAdapter - Downloading https://repo.maven.apache.org/maven2/commons-validator/commons-validator/1.4.1/commons-validator-1.4.1.jar
2016-03-29 20:00:15,521 [Worker-508] INFO  o.e.m.c.i.e.AbstractTransferListenerAdapter - Downloaded https://repo.maven.apache.org/maven2/commons-validator/commons-validator/1.4.1/commons-validator-1.4.1.jar
2016-03-29 20:00:15,549 [Worker-508] INFO  o.e.m.c.i.e.AbstractTransferListenerAdapter - Downloading https://repo.maven.apache.org/maven2/commons-beanutils/commons-beanutils/1.8.3/commons-beanutils-1.8.3.jar
2016-03-29 20:00:15,636 [Worker-508] INFO  o.e.m.c.i.e.AbstractTransferListenerAdapter - Downloaded https://repo.maven.apache.org/maven2/commons-beanutils/commons-beanutils/1.8.3/commons-beanutils-1.8.3.jar
2016-03-29 20:00:15,661 [Worker-508] INFO  o.e.m.c.i.e.AbstractTransferListenerAdapter - Downloading https://repo.maven.apache.org/maven2/commons-digester/commons-digester/1.8.1/commons-digester-1.8.1.jar
2016-03-29 20:00:15,734 [Worker-508] INFO  o.e.m.c.i.e.AbstractTransferListenerAdapter - Downloaded https://repo.maven.apache.org/maven2/commons-digester/commons-digester/1.8.1/commons-digester-1.8.1.jar
2016-03-29 20:00:15,760 [Worker-508] INFO  o.e.m.c.i.e.AbstractTransferListenerAdapter - Downloading https://repo.maven.apache.org/maven2/commons-collections/commons-collections/3.2.1/commons-collections-3.2.1.jar
2016-03-29 20:00:15,974 [Worker-508] INFO  o.e.m.c.i.e.AbstractTransferListenerAdapter - Downloaded https://repo.maven.apache.org/maven2/commons-collections/commons-collections/3.2.1/commons-collections-3.2.1.jar
2016-03-29 20:00:17,257 [Worker-508] INFO  o.e.m.c.i.embedder.EclipseLogger - Using 'UTF-8' encoding to copy filtered resources.
2016-03-29 20:00:17,257 [Worker-508] INFO  o.e.m.c.i.embedder.EclipseLogger - skip non existing resourceDirectory /Users/thyag/work/Appium/src/main/resources
2016-03-29 20:00:17,259 [Worker-508] INFO  o.e.m.c.i.embedder.EclipseLogger - Using 'UTF-8' encoding to copy filtered resources.
2016-03-29 20:00:17,259 [Worker-508] INFO  o.e.m.c.i.embedder.EclipseLogger - skip non existing resourceDirectory /Users/thyag/work/Appium/src/test/resources
2016-03-29 20:00:18,591 [Worker-506] INFO  o.e.m.c.i.embedder.EclipseLogger - Using 'UTF-8' encoding to copy filtered resources.
2016-03-29 20:00:18,592 [Worker-506] INFO  o.e.m.c.i.embedder.EclipseLogger - skip non existing resourceDirectory /Users/thyag/work/Appium/src/main/resources
2016-03-29 20:00:18,592 [Worker-506] INFO  o.e.m.c.i.embedder.EclipseLogger - Using 'UTF-8' encoding to copy filtered resources.
2016-03-29 20:00:18,593 [Worker-506] INFO  o.e.m.c.i.embedder.EclipseLogger - skip non existing resourceDirectory /Users/thyag/work/Appium/src/test/resources
